\BOOKMARK [0][-]{chapter.1}{\376\377\000B\000e\000v\000e\000z\000e\000t\000\351\000s}{}% 1
\BOOKMARK [1][-]{section.1.1}{\376\377\000C\000\351\000l}{chapter.1}% 2
\BOOKMARK [1][-]{section.1.2}{\376\377\000A\000\040\000d\000o\000l\000g\000o\000z\000a\000t\000\040\000s\000z\000e\000r\000k\000e\000z\000e\000t\000e}{chapter.1}% 3
\BOOKMARK [0][-]{chapter.2}{\376\377\000G\000\351\000p\000i\000\040\000t\000a\000n\000u\000l\000\341\000s\000\040\000-\000\040\000M\000a\000c\000h\000i\000n\000e\000\040\000l\000e\000a\000r\000n\000i\000n\000g}{}% 4
\BOOKMARK [1][-]{section.2.1}{\376\377\000R\000\366\000v\000i\000d\000\040\000i\000s\000m\000e\000r\000t\000e\000t\000\365}{chapter.2}% 5
\BOOKMARK [1][-]{section.2.2}{\376\377\000N\000e\000u\000r\000\341\000l\000i\000s\000\040\000h\000\341\000l\000\363\000k}{chapter.2}% 6
\BOOKMARK [2][-]{subsection.2.2.1}{\376\377\000A\000\040\000n\000e\000u\000r\000o\000n}{section.2.2}% 7
\BOOKMARK [2][-]{subsection.2.2.2}{\376\377\000E\000g\000y\000\040\000e\000g\000y\000s\000z\000e\000r\001\161\000\040\000n\000e\000u\000r\000o\000n\000\040\000i\000m\000p\000l\000e\000m\000e\000n\000t\000\341\000c\000i\000\363\000j\000a}{section.2.2}% 8
\BOOKMARK [0][-]{chapter.3}{\376\377\000R\000e\000a\000c\000t\000\040\000k\000e\000r\000e\000t\000r\000e\000n\000d\000s\000z\000e\000r}{}% 9
\BOOKMARK [1][-]{section.3.1}{\376\377\000H\000a\000s\000z\000n\000\341\000l\000a\000t\000a}{chapter.3}% 10
\BOOKMARK [1][-]{section.3.2}{\376\377\000R\000e\000a\000c\000t\000\040\000C\000o\000n\000t\000e\000x\000t}{chapter.3}% 11
\BOOKMARK [2][-]{subsection.3.2.1}{\376\377\000H\000a\000s\000z\000n\000\341\000l\000a\000t\000a}{section.3.2}% 12
\BOOKMARK [2][-]{subsection.3.2.2}{\376\377\000C\000o\000n\000t\000e\000x\000t\000\040\000A\000P\000I}{section.3.2}% 13
\BOOKMARK [1][-]{section.3.3}{\376\377\000R\000e\000a\000c\000t\000\040\000H\000o\000o\000k\000s}{chapter.3}% 14
\BOOKMARK [2][-]{subsection.3.3.1}{\376\377\000E\000f\000f\000e\000c\000t\000\040\000H\000o\000o\000k}{section.3.3}% 15
\BOOKMARK [0][-]{chapter.4}{\376\377\000S\000p\000r\000i\000n\000g\000\040\000k\000e\000r\000e\000t\000r\000e\000n\000d\000s\000z\000e\000r}{}% 16
\BOOKMARK [1][-]{section.4.1}{\376\377\000\301\000l\000t\000a\000l\000\341\000n\000o\000s\000\040\000t\000u\000d\000n\000i\000v\000a\000l\000\363\000k}{chapter.4}% 17
\BOOKMARK [1][-]{section.4.2}{\376\377\000I\000n\000v\000e\000r\000s\000i\000o\000n\000\040\000o\000f\000\040\000c\000o\000n\000t\000r\000o\000l}{chapter.4}% 18
\BOOKMARK [1][-]{section.4.3}{\376\377\000S\000p\000r\000i\000n\000g\000\040\000W\000e\000b\000\040\000M\000V\000C\000\040\000f\000r\000a\000m\000e\000w\000o\000r\000k}{chapter.4}% 19
\BOOKMARK [0][-]{chapter.5}{\376\377\000A\000z\000\040\000a\000l\000k\000a\000l\000m\000a\000z\000\341\000s\000\040\000f\000e\000l\000\351\000p\000\355\000t\000\351\000s\000e}{}% 20
\BOOKMARK [1][-]{section.5.1}{\376\377\000S\000u\000c\000k\000\040\000m\000y\000\040\000d\000i\000c\000k}{chapter.5}% 21
